Removed Pin From Net: NetName=NetU2_11 Pin=U2-12
Removed Pin From Net: NetName=NetU2_11 Pin=U2-13
Removed Pin From Net: NetName=NetU2_11 Pin=U2-14
Removed Pin From Net: NetName=NetU2_11 Pin=U2-15
Removed Pin From Net: NetName=NetU2_11 Pin=U2-16
Removed Pin From Net: NetName=NetU2_11 Pin=U2-17
Change Component Footprint: Designator=P1 Old Footprint=61301011121 New Footprint=61301011121
Change Component Footprint: Designator=P2 Old Footprint=61301011121 New Footprint=61301011121
Change Component Footprint: Designator=P3 Old Footprint=61301011121 New Footprint=61301011121
Change Component Footprint: Designator=P4 Old Footprint=61301011121 New Footprint=61301011121
Added Pin To Net: NetName=NetU2_2 Pin=U2-2
Added Net: Name=NetU2_2
Added Pin To Net: NetName=NetU2_3 Pin=U2-3
Added Net: Name=NetU2_3
Added Pin To Net: NetName=NetU2_4 Pin=U2-4
Added Net: Name=NetU2_4
Added Pin To Net: NetName=NetU2_12 Pin=U2-12
Added Net: Name=NetU2_12
Added Pin To Net: NetName=NetU2_13 Pin=U2-13
Added Net: Name=NetU2_13
Added Pin To Net: NetName=NetU2_14 Pin=U2-14
Added Net: Name=NetU2_14
Added Pin To Net: NetName=NetU2_15 Pin=U2-15
Added Net: Name=NetU2_15
Added Pin To Net: NetName=NetU2_16 Pin=U2-16
Added Pin To Net: NetName=NetU2_16 Pin=U2-17
Added Net: Name=NetU2_16
Added Pin To Net: NetName=NetU2_18 Pin=U2-18
Added Net: Name=NetU2_18
Added Pin To Net: NetName=NetU2_19 Pin=U2-19
Added Net: Name=NetU2_19
Added Pin To Net: NetName=NetU2_21 Pin=U2-21
Added Net: Name=NetU2_21
Added Pin To Net: NetName=NetU2_22 Pin=U2-22
Added Net: Name=NetU2_22
Added Pin To Net: NetName=NetU2_25 Pin=U2-25
Added Net: Name=NetU2_25
Added Pin To Net: NetName=NetU2_26 Pin=U2-26
Added Net: Name=NetU2_26
Added Pin To Net: NetName=NetU2_27 Pin=U2-27
Added Net: Name=NetU2_27
Added Pin To Net: NetName=NetU2_28 Pin=U2-28
Added Net: Name=NetU2_28
Added Pin To Net: NetName=NetU2_29 Pin=U2-29
Added Net: Name=NetU2_29
Added Pin To Net: NetName=NetU2_30 Pin=U2-30
Added Net: Name=NetU2_30
Added Pin To Net: NetName=NetU2_31 Pin=U2-31
Added Net: Name=NetU2_31
Added Pin To Net: NetName=NetU2_38 Pin=U2-38
Added Net: Name=NetU2_38
Added Pin To Net: NetName=NetU2_40 Pin=U2-40
Added Net: Name=NetU2_40
Added Pin To Net: NetName=NetU2_41 Pin=U2-41
Added Net: Name=NetU2_41
Added Pin To Net: NetName=NetU2_42 Pin=U2-42
Added Net: Name=NetU2_42
Added Pin To Net: NetName=NetU2_43 Pin=U2-43
Added Net: Name=NetU2_43
Added Pin To Net: NetName=NetU2_45 Pin=U2-45
Added Net: Name=NetU2_45
Added Pin To Net: NetName=NetU2_46 Pin=U2-46
Added Net: Name=NetU2_46
Add Class Member: Failed to add class member : Component J2 Header
