Added Component: Designator=U2(STM-LQFP48_M)
Add component (AddParameter): Name = "A/D Converter"; Value = "2x12-bit (10 Channel)"; VariantName = "[No Variations]"
Add component (AddParameter): Name = "ComponentLink1Description"; Value = "Manufacturer URL"; VariantName = "[No Variations]"
Add component (AddParameter): Name = "ComponentLink1URL"; Value = "http://www.st.com/web/en/home.html"; VariantName = "[No Variations]"
Add component (AddParameter): Name = "ComponentLink2Description"; Value = "Datasheet"; VariantName = "[No Variations]"
Add component (AddParameter): Name = "ComponentLink2URL"; Value = "http://www.st.com/st-web-ui/static/active/en/resource/technical/document/datasheet/CD00210843.pdf"; VariantName = "[No Variations]"
Add component (AddParameter): Name = "ComponentLink3Description"; Value = "Package Specification"; VariantName = "[No Variations]"
Add component (AddParameter): Name = "ComponentLink3URL"; Value = "http://www.st.com/st-web-ui/static/active/en/resource/technical/document/datasheet/DM00058181.pdf"; VariantName = "[No Variations]"
Add component (AddParameter): Name = "Core"; Value = "ARM Cortex-M3"; VariantName = "[No Variations]"
Add component (AddParameter): Name = "DatasheetVersion"; Value = "Rev. 6"; VariantName = "[No Variations]"
Add component (AddParameter): Name = "FLASH Size (Prog) (kB)"; Value = "32"; VariantName = "[No Variations]"
Add component (AddParameter): Name = "I/Os (High Current)"; Value = "37"; VariantName = "[No Variations]"
Add component (AddParameter): Name = "Internal RAM Size (kB)"; Value = "10"; VariantName = "[No Variations]"
Add component (AddParameter): Name = "Mounting Technology"; Value = "Surface Mount"; VariantName = "[No Variations]"
Add component (AddParameter): Name = "Operating Frequency(F) (Processor speed) (MHz)"; Value = "72"; VariantName = "[No Variations]"
Add component (AddParameter): Name = "PackageDescription"; Value = "48-Pin Low Profile Quad Flat Package, 7 x 7 mm Body, 0.5 mm Pitch"; VariantName = "[No Variations]"
Add component (AddParameter): Name = "PackageReference"; Value = "LQFP48"; VariantName = "[No Variations]"
Add component (AddParameter): Name = "PackageVersion"; Value = "Rev. 6, 06/2013"; VariantName = "[No Variations]"
Add component (AddParameter): Name = "Packing"; Value = "Tray"; VariantName = "[No Variations]"
Add component (AddParameter): Name = "PartNumber"; Value = "STM32F103C6T6A"; VariantName = "[No Variations]"
Add component (AddParameter): Name = "Supply Voltage(Vcc) min (V)"; Value = "2"; VariantName = "[No Variations]"
Added Pin To Net: NetName=3V3 Pin=U2-1
Added Pin To Net: NetName=NetP4_3 Pin=U2-2
Added Pin To Net: NetName=NetP4_2 Pin=U2-3
Added Pin To Net: NetName=NetP4_1 Pin=U2-4
Added Pin To Net: NetName=NetC1_2 Pin=U2-5
Added Pin To Net: NetName=NetR2_1 Pin=U2-6
Added Pin To Net: NetName=RESET Pin=U2-7
Added Pin To Net: NetName=GND Pin=U2-8
Added Pin To Net: NetName=3V3 Pin=U2-9
Added Pin To Net: NetName=NetP1_7 Pin=U2-10
Added Pin To Net: NetName=NetP1_6 Pin=U2-11
Added Pin To Net: NetName=NetP1_5 Pin=U2-12
Added Pin To Net: NetName=NetP1_4 Pin=U2-13
Added Pin To Net: NetName=NetP1_3 Pin=U2-14
Added Pin To Net: NetName=NetP1_2 Pin=U2-15
Added Pin To Net: NetName=NetP1_1 Pin=U2-16
Added Pin To Net: NetName=NetP4_8 Pin=U2-17
Added Pin To Net: NetName=NetP2_3 Pin=U2-18
Added Pin To Net: NetName=NetP2_4 Pin=U2-19
Added Pin To Net: NetName=BOOT1 Pin=U2-20
Added Pin To Net: NetName=NetP3_3 Pin=U2-21
Added Pin To Net: NetName=NetP3_4 Pin=U2-22
Added Pin To Net: NetName=GND Pin=U2-23
Added Pin To Net: NetName=3V3 Pin=U2-24
Added Pin To Net: NetName=NetP3_5 Pin=U2-25
Added Pin To Net: NetName=NetP3_6 Pin=U2-26
Added Pin To Net: NetName=NetP3_7 Pin=U2-27
Added Pin To Net: NetName=AUX_LED Pin=U2-28
Added Pin To Net: NetName=NetP4_7 Pin=U2-29
Added Pin To Net: NetName=NetP4_6 Pin=U2-30
Added Pin To Net: NetName=NetP4_5 Pin=U2-31
Added Pin To Net: NetName=D- Pin=U2-32
Added Pin To Net: NetName=D+ Pin=U2-33
Added Pin To Net: NetName=SWDIO Pin=U2-34
Added Pin To Net: NetName=GND Pin=U2-35
Added Pin To Net: NetName=3V3 Pin=U2-36
Added Pin To Net: NetName=SWCLK Pin=U2-37
Added Pin To Net: NetName=NetP4_4 Pin=U2-38
Added Pin To Net: NetName=ASYNC_SWO Pin=U2-39
Added Pin To Net: NetName=NetP2_5 Pin=U2-40
Added Pin To Net: NetName=NetP2_6 Pin=U2-41
Added Pin To Net: NetName=NetP2_7 Pin=U2-42
Added Pin To Net: NetName=NetP2_8 Pin=U2-43
Added Pin To Net: NetName=BOOT0 Pin=U2-44
Added Pin To Net: NetName=NetP3_1 Pin=U2-45
Added Pin To Net: NetName=NetP3_2 Pin=U2-46
Added Pin To Net: NetName=GND Pin=U2-47
Added Pin To Net: NetName=3V3 Pin=U2-48
Added Member To Class: ClassName=STM32F1_board Member=Component U2 STM32F103C6T6A
